#
# There is insufficient memory for the Java Runtime Environment to continue.
# Native memory allocation (mmap) failed to map 264241152 bytes for G1 virtual space
# Possible reasons:
#   The system is out of physical RAM or swap space
#   The process is running with CompressedOops enabled, and the Java Heap may be blocking the growth of the native heap
# Possible solutions:
#   Reduce memory load on the system
#   Increase physical memory or swap space
#   Check if swap backing store is full
#   Decrease Java heap size (-Xmx/-Xms)
#   Decrease number of Java threads
#   Decrease Java thread stack sizes (-Xss)
#   Set larger code cache with -XX:ReservedCodeCacheSize=
#   JVM is running with Zero Based Compressed Oops mode in which the Java heap is
#     placed in the first 32GB address space. The Java Heap base address is the
#     maximum limit for the native heap growth. Please use -XX:HeapBaseMinAddress
#     to set the Java Heap base and to place the Java Heap above 32GB virtual address.
# This output file may be truncated or incomplete.
#
#  Out of Memory Error (os_windows.cpp:3557), pid=6708, tid=24388
#
# JRE version:  (17.0.6+10) (build )
# Java VM: OpenJDK 64-Bit Server VM (17.0.6+10, mixed mode, sharing, tiered, compressed oops, compressed class ptrs, g1 gc, windows-amd64)
# No core dump will be written. Minidumps are not enabled by default on client versions of Windows
#

---------------  S U M M A R Y ------------

Command Line: -Dfile.encoding=UTF-8 -XX:+ShowCodeDetailsInExceptionMessages logic.home.controller.TestMain

Host: 12th Gen Intel(R) Core(TM) i7-12700, 20 cores, 15G,  Windows 11 , 64 bit Build 22621 (10.0.22621.2506)
Time: Fri Jan  5 20:13:35 2024  Windows 11 , 64 bit Build 22621 (10.0.22621.2506) elapsed time: 0.007017 seconds (0d 0h 0m 0s)

---------------  T H R E A D  ---------------

Current thread (0x0000014a6e904bc0):  JavaThread "Unknown thread" [_thread_in_vm, id=24388, stack(0x00000045ef000000,0x00000045ef100000)]

Stack: [0x00000045ef000000,0x00000045ef100000]
Native frames: (J=compiled Java code, j=interpreted, Vv=VM code, C=native code)
V  [jvm.dll+0x67741a]
V  [jvm.dll+0x834434]
V  [jvm.dll+0x835bde]
V  [jvm.dll+0x836243]
V  [jvm.dll+0x2457b5]
V  [jvm.dll+0x674329]
V  [jvm.dll+0x6689da]
V  [jvm.dll+0x30489b]
V  [jvm.dll+0x30bd96]
V  [jvm.dll+0x35b57e]
V  [jvm.dll+0x35b7af]
V  [jvm.dll+0x2db778]
V  [jvm.dll+0x2dc6e4]
V  [jvm.dll+0x806131]
V  [jvm.dll+0x369331]
V  [jvm.dll+0x7e56ac]
V  [jvm.dll+0x3eb35f]
V  [jvm.dll+0x3ecea1]
C  [jli.dll+0x5267]
C  [ucrtbase.dll+0x29363]
C  [KERNEL32.DLL+0x1257d]
C  [ntdll.dll+0x5aa58]


---------------  P R O C E S S  ---------------

Threads class SMR info:
_java_thread_list=0x00007ff9c4c15fd8, length=0, elements={
}

Java Threads: ( => current thread )

Other Threads:
  0x0000014a6e9725c0 GCTaskThread "GC Thread#0" [stack: 0x00000045ef100000,0x00000045ef200000] [id=20920]
  0x0000014a6e983090 ConcurrentGCThread "G1 Main Marker" [stack: 0x00000045ef200000,0x00000045ef300000] [id=1972]
  0x0000014a6e983aa0 ConcurrentGCThread "G1 Conc#0" [stack: 0x00000045ef300000,0x00000045ef400000] [id=20556]

[error occurred during error reporting (printing all threads), id 0xc0000005, EXCEPTION_ACCESS_VIOLATION (0xc0000005) at pc=0x00007ff9c43ec1e7]

VM state: not at safepoint (not fully initialized)

VM Mutex/Monitor currently owned by a thread:  ([mutex/lock_event])
[0x0000014a6e9000d0] Heap_lock - owner thread: 0x0000014a6e904bc0

Heap address: 0x0000000704600000, size: 4026 MB, Compressed Oops mode: Zero based, Oop shift amount: 3

CDS archive(s) mapped at: [0x0000000000000000-0x0000000000000000-0x0000000000000000), size 0, SharedBaseAddress: 0x0000000800000000, ArchiveRelocationMode: 0.
Narrow klass base: 0x0000000000000000, Narrow klass shift: 0, Narrow klass range: 0x0

GC Precious Log:
<Empty>

Heap:
 garbage-first heap   total 0K, used 0K [0x0000000704600000, 0x0000000800000000)
  region size 2048K, 0 young (0K), 0 survivors (0K)

[error occurred during error reporting (printing heap information), id 0xc0000005, EXCEPTION_ACCESS_VIOLATION (0xc0000005) at pc=0x00007ff9c47d06f9]

GC Heap History (0 events):
No events

Dll operation events (1 events):
Event: 0.005 Loaded shared library D:\eclipse\plugins\org.eclipse.justj.openjdk.hotspot.jre.full.win32.x86_64_17.0.6.v20230204-1729\jre\bin\java.dll

Deoptimization events (0 events):
No events

Classes unloaded (0 events):
No events

Classes redefined (0 events):
No events

Internal exceptions (0 events):
No events

VM Operations (0 events):
No events

Events (0 events):
No events


Dynamic libraries:
0x00007ff789950000 - 0x00007ff78995e000 	D:\eclipse\plugins\org.eclipse.justj.openjdk.hotspot.jre.full.win32.x86_64_17.0.6.v20230204-1729\jre\bin\javaw.exe
0x00007ffa1e4b0000 - 0x00007ffa1e6c7000 	C:\WINDOWS\SYSTEM32\ntdll.dll
0x00007ffa1c350000 - 0x00007ffa1c414000 	C:\WINDOWS\System32\KERNEL32.DLL
0x00007ffa1b820000 - 0x00007ffa1bbc6000 	C:\WINDOWS\System32\KERNELBASE.dll
0x00007ffa1bd40000 - 0x00007ffa1be51000 	C:\WINDOWS\System32\ucrtbase.dll
0x00007ffa0d280000 - 0x00007ffa0d299000 	D:\eclipse\plugins\org.eclipse.justj.openjdk.hotspot.jre.full.win32.x86_64_17.0.6.v20230204-1729\jre\bin\VCRUNTIME140.dll
0x00007ffa0d2a0000 - 0x00007ffa0d2b7000 	D:\eclipse\plugins\org.eclipse.justj.openjdk.hotspot.jre.full.win32.x86_64_17.0.6.v20230204-1729\jre\bin\jli.dll
0x00007ffa1e050000 - 0x00007ffa1e1fe000 	C:\WINDOWS\System32\USER32.dll
0x00007ffa1bf00000 - 0x00007ffa1bf26000 	C:\WINDOWS\System32\win32u.dll
0x00007ffa1c320000 - 0x00007ffa1c349000 	C:\WINDOWS\System32\GDI32.dll
0x00007ffa1bfb0000 - 0x00007ffa1c0c8000 	C:\WINDOWS\System32\gdi32full.dll
0x00007ffa1be60000 - 0x00007ffa1befa000 	C:\WINDOWS\System32\msvcp_win.dll
0x00007ffa033d0000 - 0x00007ffa03663000 	C:\WINDOWS\WinSxS\amd64_microsoft.windows.common-controls_6595b64144ccf1df_6.0.22621.2506_none_270c5ae97388e100\COMCTL32.dll
0x00007ffa1d800000 - 0x00007ffa1d8a7000 	C:\WINDOWS\System32\msvcrt.dll
0x00007ffa1dd50000 - 0x00007ffa1dd81000 	C:\WINDOWS\System32\IMM32.DLL
0x00007ffa13a20000 - 0x00007ffa13a2c000 	D:\eclipse\plugins\org.eclipse.justj.openjdk.hotspot.jre.full.win32.x86_64_17.0.6.v20230204-1729\jre\bin\vcruntime140_1.dll
0x00007ff9d4480000 - 0x00007ff9d4511000 	D:\eclipse\plugins\org.eclipse.justj.openjdk.hotspot.jre.full.win32.x86_64_17.0.6.v20230204-1729\jre\bin\msvcp140.dll
0x00007ff9c4100000 - 0x00007ff9c4d47000 	D:\eclipse\plugins\org.eclipse.justj.openjdk.hotspot.jre.full.win32.x86_64_17.0.6.v20230204-1729\jre\bin\server\jvm.dll
0x00007ffa1c260000 - 0x00007ffa1c311000 	C:\WINDOWS\System32\ADVAPI32.dll
0x00007ffa1e3c0000 - 0x00007ffa1e465000 	C:\WINDOWS\System32\sechost.dll
0x00007ffa1dea0000 - 0x00007ffa1dfb7000 	C:\WINDOWS\System32\RPCRT4.dll
0x00007ffa096f0000 - 0x00007ffa09724000 	C:\WINDOWS\SYSTEM32\WINMM.dll
0x00007ffa0e260000 - 0x00007ffa0e26a000 	C:\WINDOWS\SYSTEM32\VERSION.dll
0x00007ffa04bd0000 - 0x00007ffa04bd9000 	C:\WINDOWS\SYSTEM32\WSOCK32.dll
0x00007ffa1db60000 - 0x00007ffa1dbd1000 	C:\WINDOWS\System32\WS2_32.dll
0x00007ffa1a910000 - 0x00007ffa1a928000 	C:\WINDOWS\SYSTEM32\kernel.appcore.dll
0x00007ffa048a0000 - 0x00007ffa048aa000 	D:\eclipse\plugins\org.eclipse.justj.openjdk.hotspot.jre.full.win32.x86_64_17.0.6.v20230204-1729\jre\bin\jimage.dll
0x00007ffa0edc0000 - 0x00007ffa0eff3000 	C:\WINDOWS\SYSTEM32\DBGHELP.DLL
0x00007ffa1c480000 - 0x00007ffa1c809000 	C:\WINDOWS\System32\combase.dll
0x00007ffa1dc70000 - 0x00007ffa1dd47000 	C:\WINDOWS\System32\OLEAUT32.dll
0x00007ffa0ed80000 - 0x00007ffa0edb2000 	C:\WINDOWS\SYSTEM32\dbgcore.DLL
0x00007ffa1bf30000 - 0x00007ffa1bfaa000 	C:\WINDOWS\System32\bcryptPrimitives.dll
0x00007ffa02ac0000 - 0x00007ffa02ae5000 	D:\eclipse\plugins\org.eclipse.justj.openjdk.hotspot.jre.full.win32.x86_64_17.0.6.v20230204-1729\jre\bin\java.dll

dbghelp: loaded successfully - version: 4.0.5 - missing functions: none
symbol engine: initialized successfully - sym options: 0x614 - pdb path: .;D:\eclipse\plugins\org.eclipse.justj.openjdk.hotspot.jre.full.win32.x86_64_17.0.6.v20230204-1729\jre\bin;C:\WINDOWS\SYSTEM32;C:\WINDOWS\WinSxS\amd64_microsoft.windows.common-controls_6595b64144ccf1df_6.0.22621.2506_none_270c5ae97388e100;D:\eclipse\plugins\org.eclipse.justj.openjdk.hotspot.jre.full.win32.x86_64_17.0.6.v20230204-1729\jre\bin\server

VM Arguments:
jvm_args: -Dfile.encoding=UTF-8 -XX:+ShowCodeDetailsInExceptionMessages 
java_command: logic.home.controller.TestMain
java_class_path (initial): D:\workspace\LogicHomework2\bin
Launcher Type: SUN_STANDARD

[Global flags]
     intx CICompilerCount                          = 12                                        {product} {ergonomic}
     uint ConcGCThreads                            = 4                                         {product} {ergonomic}
     uint G1ConcRefinementThreads                  = 15                                        {product} {ergonomic}
   size_t G1HeapRegionSize                         = 2097152                                   {product} {ergonomic}
    uintx GCDrainStackTargetSize                   = 64                                        {product} {ergonomic}
   size_t InitialHeapSize                          = 264241152                                 {product} {ergonomic}
   size_t MarkStackSize                            = 4194304                                   {product} {ergonomic}
   size_t MaxHeapSize                              = 4221566976                                {product} {ergonomic}
   size_t MinHeapDeltaBytes                        = 2097152                                   {product} {ergonomic}
   size_t MinHeapSize                              = 8388608                                   {product} {ergonomic}
    uintx NonNMethodCodeHeapSize                   = 7602480                                {pd product} {ergonomic}
    uintx NonProfiledCodeHeapSize                  = 122027880                              {pd product} {ergonomic}
    uintx ProfiledCodeHeapSize                     = 122027880                              {pd product} {ergonomic}
    uintx ReservedCodeCacheSize                    = 251658240                              {pd product} {ergonomic}
     bool SegmentedCodeCache                       = true                                      {product} {ergonomic}
     bool ShowCodeDetailsInExceptionMessages       = true                                   {manageable} {command line}
   size_t SoftMaxHeapSize                          = 4221566976                             {manageable} {ergonomic}
     bool UseCompressedClassPointers               = true                           {product lp64_product} {ergonomic}
     bool UseCompressedOops                        = true                           {product lp64_product} {ergonomic}
     bool UseG1GC                                  = true                                      {product} {ergonomic}
     bool UseLargePagesIndividualAllocation        = false                                  {pd product} {ergonomic}

Logging:
Log output configuration:
 #0: stdout all=warning uptime,level,tags
 #1: stderr all=off uptime,level,tags

Environment Variables:
JAVA_HOME=C:\Program Files\Java\jdk-17.0.2
PATH=D:/eclipse//plugins/org.eclipse.justj.openjdk.hotspot.jre.full.win32.x86_64_17.0.6.v20230204-1729/jre/bin/server;D:/eclipse//plugins/org.eclipse.justj.openjdk.hotspot.jre.full.win32.x86_64_17.0.6.v20230204-1729/jre/bin;C:\WINDOWS\system32;C:\WINDOWS;C:\WINDOWS\System32\Wbem;C:\WINDOWS\System32\WindowsPowerShell\v1.0\;C:\WINDOWS\System32\OpenSSH\;%JAVA_HOME%\bin;C:\Users\ict01-12\AppData\Local\Microsoft\WindowsApps;;D:\eclipse;
USERNAME=ict01-12
OS=Windows_NT
PROCESSOR_IDENTIFIER=Intel64 Family 6 Model 151 Stepping 2, GenuineIntel
TMP=C:\Users\ict01-12\AppData\Local\Temp
TEMP=C:\Users\ict01-12\AppData\Local\Temp



---------------  S Y S T E M  ---------------

OS:
 Windows 11 , 64 bit Build 22621 (10.0.22621.2506)
OS uptime: 17 days 2:49 hours

CPU: total 20 (initial active 20) (10 cores per cpu, 2 threads per core) family 6 model 151 stepping 2 microcode 0x1e, cx8, cmov, fxsr, ht, mmx, 3dnowpref, sse, sse2, sse3, ssse3, sse4.1, sse4.2, popcnt, lzcnt, tsc, tscinvbit, avx, avx2, aes, erms, clmul, bmi1, bmi2, adx, sha, fma, vzeroupper, clflush, clflushopt, clwb

Memory: 4k page, system-wide physical 16098M (6191M free)
TotalPageFile size 44470M (AvailPageFile size 95M)
current process WorkingSet (physical memory assigned to process): 11M, peak: 11M
current process commit charge ("private bytes"): 75M, peak: 326M

vm_info: OpenJDK 64-Bit Server VM (17.0.6+10) for windows-amd64 JRE (17.0.6+10), built on Jan 18 2023 10:08:59 by "temurin" with MS VC++ 16.7 (VS2019)

END.
